test_p1 (__main__.Test.test_p1) ... ok
test_p10 (__main__.Test.test_p10) ... ok
test_p2 (__main__.Test.test_p2) ... FAIL
test_p3 (__main__.Test.test_p3) ... ok
test_p4 (__main__.Test.test_p4) ... ok
test_p5 (__main__.Test.test_p5) ... ERROR
test_p6 (__main__.Test.test_p6) ... ok
test_p7 (__main__.Test.test_p7) ... ERROR
test_p8 (__main__.Test.test_p8) ... ok
test_p9 (__main__.Test.test_p9) ... ok

======================================================================
ERROR: test_p5 (__main__.Test.test_p5)
----------------------------------------------------------------------
Traceback (most recent call last):
  File "/Users/marcin/Documents/prg-basics/06-Test1/check-test1-ZIISS1-1113.py", line 38, in test_p5
    import p5
ModuleNotFoundError: No module named 'p5'

======================================================================
ERROR: test_p7 (__main__.Test.test_p7)
----------------------------------------------------------------------
Traceback (most recent call last):
  File "/Users/marcin/Documents/prg-basics/06-Test1/check-test1-ZIISS1-1113.py", line 51, in test_p7
    import p7
ModuleNotFoundError: No module named 'p7'

======================================================================
FAIL: test_p2 (__main__.Test.test_p2)
----------------------------------------------------------------------
Traceback (most recent call last):
  File "/Users/marcin/Documents/prg-basics/06-Test1/check-test1-ZIISS1-1113.py", line 19, in test_p2
    self.assertEqual(p2.f("U",False,True),79)
    ~~~~~~~~~~~~~~~~^^^^^^^^^^^^^^^^^^^^^^^^^
AssertionError: 70 != 79

----------------------------------------------------------------------
Ran 10 tests in 0.003s

FAILED (failures=1, errors=2)
